<?xml version="1.0" encoding="UTF-8"?>
<!-- Generated by org.testng.reporters.JUnitReportReporter -->
<testsuite hostname="MD1DVJQC" name="hackerRank.testNGYahooMail" tests="3" failures="1" timestamp="30 Jul 2014 01:15:42 GMT" time="63.001" errors="0">
  <testcase name="searchAddr" time="1.209" classname="hackerRank.testNGYahooMail"/>
  <testcase name="setDriverForGoogleMaps" time="19.186" classname="hackerRank.testNGYahooMail"/>
  <testcase name="getDirections" time="42.606" classname="hackerRank.testNGYahooMail">
    <failure type="org.openqa.selenium.TimeoutException" message="Timed out after 10 seconds waiting for visibility of element located by By.selector: html body.highres div#app-container.vasquette div#content-container div#omnibox-and-cards div.omnibox-cards-transformations div#omnibox.vasquette-margin-enabled div div.widget-directions div.widget-directions-omnibox.searchbox-shadow div.widget-directions-waypoints div.widget-directions-searchboxes div.widget-directions-searchbox-container div#directions-searchbox-0.searchbox table#gs_id51.gstl_51.searchboxinput tbody tr td#gs_tti51.gsib_a input.tactile-searchbox-input
Build info: version: &#039;2.42.2&#039;, revision: &#039;6a6995d&#039;, time: &#039;2014-06-03 17:42:30&#039;
System info: host: &#039;MD1DVJQC&#039;, ip: &#039;136.157.149.42&#039;, os.name: &#039;Windows 7&#039;, os.arch: &#039;x86&#039;, os.version: &#039;6.1&#039;, java.version: &#039;1.6.0_45&#039;
Driver info: driver.version: unknown">
      <![CDATA[org.openqa.selenium.TimeoutException: Timed out after 10 seconds waiting for visibility of element located by By.selector: html body.highres div#app-container.vasquette div#content-container div#omnibox-and-cards div.omnibox-cards-transformations div#omnibox.vasquette-margin-enabled div div.widget-directions div.widget-directions-omnibox.searchbox-shadow div.widget-directions-waypoints div.widget-directions-searchboxes div.widget-directions-searchbox-container div#directions-searchbox-0.searchbox table#gs_id51.gstl_51.searchboxinput tbody tr td#gs_tti51.gsib_a input.tactile-searchbox-input
Build info: version: '2.42.2', revision: '6a6995d', time: '2014-06-03 17:42:30'
System info: host: 'MD1DVJQC', ip: '136.157.149.42', os.name: 'Windows 7', os.arch: 'x86', os.version: '6.1', java.version: '1.6.0_45'
Driver info: driver.version: unknown
	at org.openqa.selenium.support.ui.FluentWait.timeoutException(FluentWait.java:259)
	at org.openqa.selenium.support.ui.FluentWait.until(FluentWait.java:228)
	at hackerRank.webdriverYahooMail.getDirections(webdriverYahooMail.java:92)
	at hackerRank.testNGYahooMail.getDirections(testNGYahooMail.java:52)
	at sun.reflect.NativeMethodAccessorImpl.invoke0(Native Method)
	at sun.reflect.NativeMethodAccessorImpl.invoke(Unknown Source)
	at sun.reflect.DelegatingMethodAccessorImpl.invoke(Unknown Source)
	at java.lang.reflect.Method.invoke(Unknown Source)
	at org.testng.internal.MethodInvocationHelper.invokeMethod(MethodInvocationHelper.java:84)
	at org.testng.internal.Invoker.invokeMethod(Invoker.java:714)
	at org.testng.internal.Invoker.invokeTestMethod(Invoker.java:901)
	at org.testng.internal.Invoker.invokeTestMethods(Invoker.java:1231)
	at org.testng.internal.TestMethodWorker.invokeTestMethods(TestMethodWorker.java:127)
	at org.testng.internal.TestMethodWorker.run(TestMethodWorker.java:111)
	at org.testng.TestRunner.privateRun(TestRunner.java:767)
	at org.testng.TestRunner.run(TestRunner.java:617)
	at org.testng.SuiteRunner.runTest(SuiteRunner.java:334)
	at org.testng.SuiteRunner.runSequentially(SuiteRunner.java:329)
	at org.testng.SuiteRunner.privateRun(SuiteRunner.java:291)
	at org.testng.SuiteRunner.run(SuiteRunner.java:240)
	at org.testng.SuiteRunnerWorker.runSuite(SuiteRunnerWorker.java:52)
	at org.testng.SuiteRunnerWorker.run(SuiteRunnerWorker.java:86)
	at org.testng.TestNG.runSuitesSequentially(TestNG.java:1224)
	at org.testng.TestNG.runSuitesLocally(TestNG.java:1149)
	at org.testng.TestNG.run(TestNG.java:1057)
	at org.testng.remote.RemoteTestNG.run(RemoteTestNG.java:111)
	at org.testng.remote.RemoteTestNG.initAndRun(RemoteTestNG.java:204)
	at org.testng.remote.RemoteTestNG.main(RemoteTestNG.java:175)
Caused by: org.openqa.selenium.NoSuchElementException: Unable to locate element: {"method":"css selector","selector":"html body.highres div#app-container.vasquette div#content-container div#omnibox-and-cards div.omnibox-cards-transformations div#omnibox.vasquette-margin-enabled div div.widget-directions div.widget-directions-omnibox.searchbox-shadow div.widget-directions-waypoints div.widget-directions-searchboxes div.widget-directions-searchbox-container div#directions-searchbox-0.searchbox table#gs_id51.gstl_51.searchboxinput tbody tr td#gs_tti51.gsib_a input.tactile-searchbox-input"}
Command duration or timeout: 41 milliseconds
For documentation on this error, please visit: http://seleniumhq.org/exceptions/no_such_element.html
Build info: version: '2.42.2', revision: '6a6995d', time: '2014-06-03 17:42:30'
System info: host: 'MD1DVJQC', ip: '136.157.149.42', os.name: 'Windows 7', os.arch: 'x86', os.version: '6.1', java.version: '1.6.0_45'
Session ID: 77c71290-bef0-4f79-9f58-3b5e3e2df1fc
Driver info: org.openqa.selenium.firefox.FirefoxDriver
Capabilities [{platform=XP, acceptSslCerts=true, javascriptEnabled=true, browserName=firefox, rotatable=false, locationContextEnabled=true, version=31.0, cssSelectorsEnabled=true, databaseEnabled=true, handlesAlerts=true, nativeEvents=false, webStorageEnabled=true, applicationCacheEnabled=true, takesScreenshot=true}]
	at sun.reflect.GeneratedConstructorAccessor13.newInstance(Unknown Source)
	at sun.reflect.DelegatingConstructorAccessorImpl.newInstance(Unknown Source)
	at java.lang.reflect.Constructor.newInstance(Unknown Source)
	at org.openqa.selenium.remote.ErrorHandler.createThrowable(ErrorHandler.java:204)
	at org.openqa.selenium.remote.ErrorHandler.throwIfResponseFailed(ErrorHandler.java:156)
	at org.openqa.selenium.remote.RemoteWebDriver.execute(RemoteWebDriver.java:599)
	at org.openqa.selenium.remote.RemoteWebDriver.findElement(RemoteWebDriver.java:352)
	at org.openqa.selenium.remote.RemoteWebDriver.findElementByCssSelector(RemoteWebDriver.java:441)
	at org.openqa.selenium.By$ByCssSelector.findElement(By.java:426)
	at org.openqa.selenium.remote.RemoteWebDriver.findElement(RemoteWebDriver.java:344)
	at org.openqa.selenium.support.ui.ExpectedConditions.findElement(ExpectedConditions.java:730)
	at org.openqa.selenium.support.ui.ExpectedConditions.access$0(ExpectedConditions.java:728)
	at org.openqa.selenium.support.ui.ExpectedConditions$4.apply(ExpectedConditions.java:130)
	at org.openqa.selenium.support.ui.ExpectedConditions$4.apply(ExpectedConditions.java:1)
	at org.openqa.selenium.support.ui.FluentWait.until(FluentWait.java:208)
	... 26 more
Caused by: org.openqa.selenium.remote.ErrorHandler$UnknownServerException: Unable to locate element: {"method":"css selector","selector":"html body.highres div#app-container.vasquette div#content-container div#omnibox-and-cards div.omnibox-cards-transformations div#omnibox.vasquette-margin-enabled div div.widget-directions div.widget-directions-omnibox.searchbox-shadow div.widget-directions-waypoints div.widget-directions-searchboxes div.widget-directions-searchbox-container div#directions-searchbox-0.searchbox table#gs_id51.gstl_51.searchboxinput tbody tr td#gs_tti51.gsib_a input.tactile-searchbox-input"}
Build info: version: '2.42.2', revision: '6a6995d', time: '2014-06-03 17:42:30'
System info: host: 'MD1DVJQC', ip: '136.157.149.42', os.name: 'Windows 7', os.arch: 'x86', os.version: '6.1', java.version: '1.6.0_45'
Driver info: driver.version: unknown
	at <anonymous class>.FirefoxDriver.prototype.findElementInternal_(file:///C:/Users/z003c2wt/AppData/Local/Temp/anonymous7487023806506806622webdriver-profile/extensions/fxdriver@googlecode.com/components/driver_component.js:9470:133)
	at <anonymous class>.FirefoxDriver.prototype.findElement(file:///C:/Users/z003c2wt/AppData/Local/Temp/anonymous7487023806506806622webdriver-profile/extensions/fxdriver@googlecode.com/components/driver_component.js:9479:3)
	at <anonymous class>.DelayedCommand.prototype.executeInternal_/h(file:///C:/Users/z003c2wt/AppData/Local/Temp/anonymous7487023806506806622webdriver-profile/extensions/fxdriver@googlecode.com/components/command_processor.js:11455:16)
	at <anonymous class>.DelayedCommand.prototype.executeInternal_(file:///C:/Users/z003c2wt/AppData/Local/Temp/anonymous7487023806506806622webdriver-profile/extensions/fxdriver@googlecode.com/components/command_processor.js:11460:7)
	at <anonymous class>.DelayedCommand.prototype.execute/<(file:///C:/Users/z003c2wt/AppData/Local/Temp/anonymous7487023806506806622webdriver-profile/extensions/fxdriver@googlecode.com/components/command_processor.js:11402:5)
]]>
    </failure>
  </testcase> <!-- getDirections -->
</testsuite> <!-- hackerRank.testNGYahooMail -->
